<?xml version="1.0" encoding="UTF-8"?>
<!-- Generated by org.testng.reporters.JUnitReportReporter -->
<testsuite hostname="PC" name="test.TestHoverMenuOnMainForm" tests="1" failures="0" timestamp="6 Aug 2014 09:34:31 GMT" time="17.328" errors="0">
  <testcase name="readParams" time="17.328" classname="test.TestHoverMenuOnMainForm"/>
</testsuite> <!-- test.TestHoverMenuOnMainForm -->
