<?xml version="1.0" encoding="UTF-8"?>
<!-- Generated by org.testng.reporters.JUnitReportReporter -->
<testsuite hostname="pc" name="test.TestSignOut" tests="1" failures="0" timestamp="4 Aug 2014 17:27:59 GMT" time="52.089" errors="0">
  <testcase name="readParams" time="52.089" classname="test.TestSignOut"/>
</testsuite> <!-- test.TestSignOut -->
