<?xml version="1.0" encoding="UTF-8"?>
<!-- Generated by org.testng.reporters.JUnitReportReporter -->
<testsuite hostname="PC" name="test.TestGoToHowToPay" tests="1" failures="0" timestamp="7 Aug 2014 12:39:24 GMT" time="30.609" errors="0">
  <testcase name="readParams" time="30.609" classname="test.TestGoToHowToPay"/>
</testsuite> <!-- test.TestGoToHowToPay -->
