<?xml version="1.0" encoding="UTF-8"?>
<!-- Generated by org.testng.reporters.JUnitReportReporter -->
<testsuite hostname="pc" name="test.DemoTest" tests="1" failures="0" timestamp="3 Aug 2014 20:04:15 GMT" time="19.105" errors="0">
  <testcase name="xTest" time="19.105" classname="test.DemoTest"/>
</testsuite> <!-- test.DemoTest -->
