<?xml version="1.0" encoding="UTF-8"?>
<!-- Generated by org.testng.reporters.JUnitReportReporter -->
<testsuite hostname="PC" name="test.TestAddToCartAndRemove" tests="1" failures="0" timestamp="7 Aug 2014 12:39:24 GMT" time="48.735" errors="0">
  <testcase name="readParams" time="48.735" classname="test.TestAddToCartAndRemove"/>
</testsuite> <!-- test.TestAddToCartAndRemove -->
