<?xml version="1.0" encoding="UTF-8"?>
<!-- Generated by org.testng.reporters.JUnitReportReporter -->
<testsuite hostname="pc" name="test.testHoverMenuOnMainForm" tests="1" failures="0" timestamp="3 Aug 2014 22:23:41 GMT" time="20.475" errors="0">
  <testcase name="xTest" time="20.475" classname="test.testHoverMenuOnMainForm"/>
</testsuite> <!-- test.testHoverMenuOnMainForm -->
