<?xml version="1.0" encoding="UTF-8"?>
<!-- Generated by org.testng.reporters.JUnitReportReporter -->
<testsuite hostname="pc" name="test.testSignIn" tests="1" failures="0" timestamp="3 Aug 2014 22:23:41 GMT" time="30.951" errors="0">
  <testcase name="xTest" time="30.951" classname="test.testSignIn"/>
</testsuite> <!-- test.testSignIn -->
