<?xml version="1.0" encoding="UTF-8"?>
<!-- Generated by org.testng.reporters.JUnitReportReporter -->
<testsuite hostname="PC" name="test.TestGoToMessages" tests="1" failures="0" timestamp="5 Aug 2014 20:01:50 GMT" time="44.824" errors="0">
  <testcase name="readParams" time="44.824" classname="test.TestGoToMessages"/>
</testsuite> <!-- test.TestGoToMessages -->
