<?xml version="1.0" encoding="UTF-8"?>
<!-- Generated by org.testng.reporters.JUnitReportReporter -->
<testsuite hostname="PC" name="test.TestGoToShoppingCart" tests="1" failures="0" timestamp="7 Aug 2014 12:39:24 GMT" time="33.147" errors="0">
  <testcase name="readParams" time="33.147" classname="test.TestGoToShoppingCart"/>
</testsuite> <!-- test.TestGoToShoppingCart -->
