<?xml version="1.0" encoding="UTF-8"?>
<!-- Generated by org.testng.reporters.JUnitReportReporter -->
<testsuite hostname="PC" name="test.TestSignIn" tests="1" failures="0" timestamp="7 Aug 2014 12:39:24 GMT" time="28.222" errors="0">
  <testcase name="readParams" time="28.222" classname="test.TestSignIn"/>
</testsuite> <!-- test.TestSignIn -->
