<?xml version="1.0" encoding="UTF-8"?>
<!-- Generated by org.testng.reporters.JUnitReportReporter -->
<testsuite hostname="PC" name="test.TestGoToMessages" tests="1" failures="0" timestamp="7 Aug 2014 12:39:24 GMT" time="28.966" errors="0">
  <testcase name="readParams" time="28.966" classname="test.TestGoToMessages"/>
</testsuite> <!-- test.TestGoToMessages -->
