<?xml version="1.0" encoding="UTF-8"?>
<!-- Generated by org.testng.reporters.JUnitReportReporter -->
<testsuite hostname="pc" name="test.TestSearch" tests="1" failures="0" timestamp="4 Aug 2014 17:27:59 GMT" time="28.701" errors="0">
  <testcase name="runTest" time="28.701" classname="test.TestSearch"/>
</testsuite> <!-- test.TestSearch -->
