<?xml version="1.0" encoding="UTF-8"?>
<!-- Generated by org.testng.reporters.JUnitReportReporter -->
<testsuite hostname="PC" name="test.TestSignOut" tests="1" failures="0" timestamp="7 Aug 2014 12:39:24 GMT" time="26.903" errors="0">
  <testcase name="readParams" time="26.903" classname="test.TestSignOut"/>
</testsuite> <!-- test.TestSignOut -->
