<?xml version="1.0" encoding="UTF-8"?>
<!-- Generated by org.testng.reporters.JUnitReportReporter -->
<testsuite hostname="pc" name="test.testSearch" tests="1" failures="0" timestamp="3 Aug 2014 22:23:41 GMT" time="28.216" errors="0">
  <testcase name="xTest" time="28.216" classname="test.testSearch"/>
</testsuite> <!-- test.testSearch -->
