<?xml version="1.0" encoding="UTF-8"?>
<!-- Generated by org.testng.reporters.JUnitReportReporter -->
<testsuite hostname="PC" name="test.TestSearch" tests="1" failures="0" timestamp="5 Aug 2014 20:01:50 GMT" time="33.939" errors="0">
  <testcase name="readParams" time="33.939" classname="test.TestSearch"/>
</testsuite> <!-- test.TestSearch -->
