<?xml version="1.0" encoding="UTF-8"?>
<!-- Generated by org.testng.reporters.JUnitReportReporter -->
<testsuite hostname="pc" name="demo.test.DemoTest" tests="1" failures="0" timestamp="3 Aug 2014 16:05:20 GMT" time="26.688" errors="0">
  <testcase name="xTest" time="26.688" classname="demo.test.DemoTest"/>
</testsuite> <!-- demo.test.DemoTest -->
