<?xml version="1.0" encoding="UTF-8"?>
<!-- Generated by org.testng.reporters.JUnitReportReporter -->
<testsuite hostname="PC" name="test.TestGoToMyEbaySummary" tests="1" failures="0" timestamp="7 Aug 2014 12:39:24 GMT" time="31.433" errors="0">
  <testcase name="readParams" time="31.433" classname="test.TestGoToMyEbaySummary"/>
</testsuite> <!-- test.TestGoToMyEbaySummary -->
